<?xml version="1.0" encoding="UTF-8"?>
<!-- Generated by org.testng.reporters.JUnitXMLReporter -->
<testsuite ignored="0" hostname="vimal" failures="0" tests="3" name="Default test" time="19.421" errors="0" timestamp="2024-12-30T00:23:54 IST">
  <testcase classname="day45.IndicesInDataProvider" name="loginTest" time="2.95"/>
  <testcase classname="day45.IndicesInDataProvider" name="loginTest" time="2.153"/>
  <testcase classname="day45.IndicesInDataProvider" name="loginTest" time="2.096"/>
</testsuite> <!-- Default test -->
