<?xml version="1.0" encoding="UTF-8"?>
<testng-results ignored="0" total="1" passed="1" failed="0" skipped="0">
  <reporter-output>
  </reporter-output>
  <suite started-at="2024-12-30T00:39:24 IST" name="Default suite" finished-at="2024-12-30T00:39:38 IST" duration-ms="14466">
    <groups>
    </groups>
    <test started-at="2024-12-30T00:39:24 IST" name="Default test" finished-at="2024-12-30T00:39:38 IST" duration-ms="14466">
      <class name="day47.LoginTest">
        <test-method is-config="true" signature="setup()[pri:0, instance:day47.LoginTest@4562e04d]" started-at="2024-12-30T00:39:24 IST" name="setup" finished-at="2024-12-30T00:39:36 IST" duration-ms="11950" status="PASS">
          <reporter-output>
          </reporter-output>
        </test-method> <!-- setup -->
        <test-method signature="testLogin()[pri:0, instance:day47.LoginTest@4562e04d]" started-at="2024-12-30T00:39:36 IST" name="testLogin" finished-at="2024-12-30T00:39:38 IST" duration-ms="2124" status="PASS">
          <reporter-output>
          </reporter-output>
        </test-method> <!-- testLogin -->
        <test-method is-config="true" signature="close()[pri:0, instance:day47.LoginTest@4562e04d]" started-at="2024-12-30T00:39:38 IST" name="close" finished-at="2024-12-30T00:39:38 IST" duration-ms="336" status="PASS">
          <reporter-output>
          </reporter-output>
        </test-method> <!-- close -->
      </class> <!-- day47.LoginTest -->
    </test> <!-- Default test -->
  </suite> <!-- Default suite -->
</testng-results>
