<?xml version="1.0" encoding="UTF-8"?>
<testng-results ignored="0" total="3" passed="3" failed="0" skipped="0">
  <reporter-output>
  </reporter-output>
  <suite started-at="2024-12-30T00:23:34 IST" name="Default suite" finished-at="2024-12-30T00:23:54 IST" duration-ms="19421">
    <groups>
    </groups>
    <test started-at="2024-12-30T00:23:34 IST" name="Default test" finished-at="2024-12-30T00:23:54 IST" duration-ms="19421">
      <class name="day45.IndicesInDataProvider">
        <test-method is-config="true" signature="setup()[pri:0, instance:day45.IndicesInDataProvider@515aebb0]" started-at="2024-12-30T00:23:34 IST" name="setup" finished-at="2024-12-30T00:23:41 IST" duration-ms="6739" status="PASS">
          <reporter-output>
          </reporter-output>
        </test-method> <!-- setup -->
        <test-method signature="loginTest(java.lang.String,java.lang.String,boolean)[pri:0, instance:day45.IndicesInDataProvider@515aebb0]" started-at="2024-12-30T00:23:41 IST" name="loginTest" data-provider="loginData" finished-at="2024-12-30T00:23:44 IST" duration-ms="2950" status="PASS">
          <params>
            <param index="0">
              <value>
                <![CDATA[ADMIN]]>
              </value>
            </param>
            <param index="1">
              <value>
                <![CDATA[admin123]]>
              </value>
            </param>
            <param index="2">
              <value>
                <![CDATA[true]]>
              </value>
            </param>
          </params>
          <reporter-output>
          </reporter-output>
        </test-method> <!-- loginTest -->
        <test-method is-config="true" signature="resetState()[pri:0, instance:day45.IndicesInDataProvider@515aebb0]" started-at="2024-12-30T00:23:44 IST" name="resetState" finished-at="2024-12-30T00:23:47 IST" duration-ms="3019" status="PASS">
          <reporter-output>
          </reporter-output>
        </test-method> <!-- resetState -->
        <test-method signature="loginTest(java.lang.String,java.lang.String,boolean)[pri:0, instance:day45.IndicesInDataProvider@515aebb0]" started-at="2024-12-30T00:23:47 IST" name="loginTest" data-provider="loginData" finished-at="2024-12-30T00:23:49 IST" duration-ms="2153" status="PASS">
          <params>
            <param index="0">
              <value>
                <![CDATA[Admin]]>
              </value>
            </param>
            <param index="1">
              <value>
                <![CDATA[admin123]]>
              </value>
            </param>
            <param index="2">
              <value>
                <![CDATA[true]]>
              </value>
            </param>
          </params>
          <reporter-output>
          </reporter-output>
        </test-method> <!-- loginTest -->
        <test-method is-config="true" signature="resetState()[pri:0, instance:day45.IndicesInDataProvider@515aebb0]" started-at="2024-12-30T00:23:49 IST" name="resetState" finished-at="2024-12-30T00:23:51 IST" duration-ms="2251" status="PASS">
          <reporter-output>
          </reporter-output>
        </test-method> <!-- resetState -->
        <test-method signature="loginTest(java.lang.String,java.lang.String,boolean)[pri:0, instance:day45.IndicesInDataProvider@515aebb0]" started-at="2024-12-30T00:23:51 IST" name="loginTest" data-provider="loginData" finished-at="2024-12-30T00:23:53 IST" duration-ms="2096" status="PASS">
          <params>
            <param index="0">
              <value>
                <![CDATA[admin]]>
              </value>
            </param>
            <param index="1">
              <value>
                <![CDATA[123admin]]>
              </value>
            </param>
            <param index="2">
              <value>
                <![CDATA[false]]>
              </value>
            </param>
          </params>
          <reporter-output>
          </reporter-output>
        </test-method> <!-- loginTest -->
        <test-method is-config="true" signature="resetState()[pri:0, instance:day45.IndicesInDataProvider@515aebb0]" started-at="2024-12-30T00:23:53 IST" name="resetState" finished-at="2024-12-30T00:23:53 IST" duration-ms="12" status="PASS">
          <reporter-output>
          </reporter-output>
        </test-method> <!-- resetState -->
        <test-method is-config="true" signature="tearDown()[pri:0, instance:day45.IndicesInDataProvider@515aebb0]" started-at="2024-12-30T00:23:53 IST" name="tearDown" finished-at="2024-12-30T00:23:54 IST" duration-ms="148" status="PASS">
          <reporter-output>
          </reporter-output>
        </test-method> <!-- tearDown -->
      </class> <!-- day45.IndicesInDataProvider -->
    </test> <!-- Default test -->
  </suite> <!-- Default suite -->
</testng-results>
