<?xml version="1.0" encoding="UTF-8"?>
<!-- Generated by org.testng.reporters.JUnitXMLReporter -->
<testsuite ignored="0" hostname="vimal" failures="1" tests="3" name="Test" time="12.902" errors="0" timestamp="2024-12-30T00:36:45 IST">
  <testcase classname="day46.OrangeHrmTestAgain" name="testUrl" time="0.015"/>
  <testcase classname="day46.OrangeHrmTestAgain" name="testLogo" time="0.048">
    <failure type="java.lang.AssertionError" message="Company logo is not visible. expected [true] but found [false]">
      <![CDATA[java.lang.AssertionError: Company logo is not visible. expected [true] but found [false]
at day46.OrangeHrmTestAgain.testLogo(OrangeHrmTestAgain.java:33)
at java.base/java.util.ArrayList.forEach(ArrayList.java:1596)
... Removed 28 stack frames]]>
    </failure>
  </testcase> <!-- testLogo -->
  <testcase classname="day46.OrangeHrmTestAgain" name="testTitle" time="0.008"/>
</testsuite> <!-- Test -->
